<?xml version="1.0" encoding="UTF-8"?>
<!-- Generated by org.testng.reporters.JUnitReportReporter -->
<testsuite hostname="MacBook-Air.local" failures="0" tests="1" name="tutorialsninja.register.TC_RF_001" time="4.568" errors="0" timestamp="2025-08-11T14:06:00 IST" skipped="0">
  <testcase classname="tutorialsninja.register.TC_RF_001" name="verifyRegisterWithMandatoryFields" time="4.568"/>
</testsuite> <!-- tutorialsninja.register.TC_RF_001 -->
